  Bullet.cpp
C:\Users\Quynh Ha\source\repos\Project3\Project3\Bullet.h(5,10): fatal error C1083: Cannot open include file: 'Object.h': No such file or directory
  Camera.cpp
C:\Users\Quynh Ha\source\repos\Project3\Project3\Camera.h(5,10): fatal error C1083: Cannot open include file: 'Object.h': No such file or directory
  Door.cpp
C:\Users\Quynh Ha\source\repos\Project3\Project3\Door.h(5,10): fatal error C1083: Cannot open include file: 'Event.h': No such file or directory
  Enemy.cpp
C:\Users\Quynh Ha\source\repos\Project3\Project3\Enemy.h(5,10): fatal error C1083: Cannot open include file: 'EventCollision.h': No such file or directory
  EnemyBlood.cpp
C:\Users\Quynh Ha\source\repos\Project3\Project3\EnemyBlood.cpp(4,10): fatal error C1083: Cannot open include file: 'LogManager.h': No such file or directory
  EnemyBullet.cpp
C:\Users\Quynh Ha\source\repos\Project3\Project3\EnemyBullet.h(1,10): fatal error C1083: Cannot open include file: 'Object.h': No such file or directory
  EnemyMagicEvent.cpp
C:\Users\Quynh Ha\source\repos\Project3\Project3\EnemyMagicEvent.h(2,10): fatal error C1083: Cannot open include file: 'Event.h': No such file or directory
  EventNuke.cpp
C:\Users\Quynh Ha\source\repos\Project3\Project3\EventNuke.h(4,10): fatal error C1083: Cannot open include file: 'Event.h': No such file or directory
  Explosion.cpp
C:\Users\Quynh Ha\source\repos\Project3\Project3\Explosion.h(4,10): fatal error C1083: Cannot open include file: 'Object.h': No such file or directory
  Food.cpp
C:\Users\Quynh Ha\source\repos\Project3\Project3\Food.h(6,10): fatal error C1083: Cannot open include file: 'Event.h': No such file or directory
  game.cpp
C:\Users\Quynh Ha\source\repos\Project3\Project3\game.cpp(6,10): fatal error C1083: Cannot open include file: 'ResourceManager.h': No such file or directory
  GameOver.cpp
C:\Users\Quynh Ha\source\repos\Project3\Project3\GameOver.h(4,10): fatal error C1083: Cannot open include file: 'ViewObject.h': No such file or directory
  GameStart.cpp
C:\Users\Quynh Ha\source\repos\Project3\Project3\GameStart.cpp(4,10): fatal error C1083: Cannot open include file: 'ResourceManager.h': No such file or directory
  GameWin.cpp
C:\Users\Quynh Ha\source\repos\Project3\Project3\GameWin.h(1,10): fatal error C1083: Cannot open include file: 'ViewObject.h': No such file or directory
  Hero.cpp
C:\Users\Quynh Ha\source\repos\Project3\Project3\Hero.cpp(5,10): fatal error C1083: Cannot open include file: 'LogManager.h': No such file or directory
  HitPoints.cpp
C:\Users\Quynh Ha\source\repos\Project3\Project3\HitPoints.cpp(5,10): fatal error C1083: Cannot open include file: 'Event.h': No such file or directory
  HungerEvent.cpp
C:\Users\Quynh Ha\source\repos\Project3\Project3\HungerEvent.h(2,10): fatal error C1083: Cannot open include file: 'Event.h': No such file or directory
  Magic.cpp
C:\Users\Quynh Ha\source\repos\Project3\Project3\Magic.h(3,10): fatal error C1083: Cannot open include file: 'Object.h': No such file or directory
  Points.cpp
C:\Users\Quynh Ha\source\repos\Project3\Project3\Points.cpp(4,10): fatal error C1083: Cannot open include file: 'Event.h': No such file or directory
  Reticle.cpp
C:\Users\Quynh Ha\source\repos\Project3\Project3\Reticle.h(5,10): fatal error C1083: Cannot open include file: 'Object.h': No such file or directory
  Generating Code...
  Compiling...
  Rock.cpp
C:\Users\Quynh Ha\source\repos\Project3\Project3\Rock.cpp(7,10): fatal error C1083: Cannot open include file: 'DisplayManager.h': No such file or directory
  Saucer.cpp
C:\Users\Quynh Ha\source\repos\Project3\Project3\Saucer.cpp(5,10): fatal error C1083: Cannot open include file: 'LogManager.h': No such file or directory
  Screen.cpp
C:\Users\Quynh Ha\source\repos\Project3\Project3\Food.h(6,10): fatal error C1083: Cannot open include file: 'Event.h': No such file or directory
  Star.cpp
C:\Users\Quynh Ha\source\repos\Project3\Project3\Star.cpp(5,10): fatal error C1083: Cannot open include file: 'LogManager.h': No such file or directory
  Generating Code...
